0 info it worked if it ends with ok
1 verbose cli [ 'node', '/usr/local/bin/npm', 'run-script', 'mongo' ]
2 info using npm@2.7.4
3 info using node@v0.12.2
4 verbose run-script [ 'premongo', 'mongo', 'postmongo' ]
5 info premongo taskmastr@4.1.0
6 info mongo taskmastr@4.1.0
7 verbose unsafe-perm in lifecycle true
8 info taskmastr@4.1.0 Failed to exec mongo script
9 verbose stack Error: taskmastr@4.1.0 mongo: `mongod --dbpath ./data`
9 verbose stack Exit status 100
9 verbose stack     at EventEmitter.<anonymous> (/usr/local/lib/node_modules/npm/lib/utils/lifecycle.js:213:16)
9 verbose stack     at EventEmitter.emit (events.js:110:17)
9 verbose stack     at ChildProcess.<anonymous> (/usr/local/lib/node_modules/npm/lib/utils/spawn.js:14:12)
9 verbose stack     at ChildProcess.emit (events.js:110:17)
9 verbose stack     at maybeClose (child_process.js:1015:16)
9 verbose stack     at Process.ChildProcess._handle.onexit (child_process.js:1087:5)
10 verbose pkgid taskmastr@4.1.0
11 verbose cwd /Users/patrick/Sites/taskmastr
12 error Darwin 14.4.0
13 error argv "node" "/usr/local/bin/npm" "run-script" "mongo"
14 error node v0.12.2
15 error npm  v2.7.4
16 error code ELIFECYCLE
17 error taskmastr@4.1.0 mongo: `mongod --dbpath ./data`
17 error Exit status 100
18 error Failed at the taskmastr@4.1.0 mongo script 'mongod --dbpath ./data'.
18 error This is most likely a problem with the taskmastr package,
18 error not with npm itself.
18 error Tell the author that this fails on your system:
18 error     mongod --dbpath ./data
18 error You can get their info via:
18 error     npm owner ls taskmastr
18 error There is likely additional logging output above.
19 verbose exit [ 1, true ]
